1590012751196	mozrunner::runner	INFO	Running command: "C:\\Program Files\\Mozilla Firefox\\firefox.exe" "-marionette" "-foreground" "-no-remote" "-profile" "C:\\Users\\boyno\\AppData\\Local\\Temp\\rust_mozprofileiEnPn4"
1590012751612	addons.webextension.doh-rollout@mozilla.org	WARN	Loading extension 'doh-rollout@mozilla.org': Reading manifest: Invalid extension permission: networkStatus
1590012752095	addons.webextension.screenshots@mozilla.org	WARN	Loading extension 'screenshots@mozilla.org': Reading manifest: Invalid extension permission: mozillaAddons
1590012752095	addons.webextension.screenshots@mozilla.org	WARN	Loading extension 'screenshots@mozilla.org': Reading manifest: Invalid extension permission: telemetry
1590012752096	addons.webextension.screenshots@mozilla.org	WARN	Loading extension 'screenshots@mozilla.org': Reading manifest: Invalid extension permission: resource://pdf.js/
1590012752096	addons.webextension.screenshots@mozilla.org	WARN	Loading extension 'screenshots@mozilla.org': Reading manifest: Invalid extension permission: about:reader*
JavaScript error: resource://gre/modules/XULStore.jsm, line 66: Error: Can't find profile directory.
1590012754376	Marionette	INFO	Listening on port 62602
1590012754813	Marionette	WARN	TLS certificate errors will be ignored for this session
JavaScript error: , line 0: AbortError: The operation was aborted. 
JavaScript error: https://tpc.googlesyndication.com/pagead/js/r20200519/r20110914/client/qs_click_protection_fy2019.js, line 11: NS_ERROR_NOT_INITIALIZED: 
JavaScript error: https://tpc.googlesyndication.com/pagead/js/r20200519/r20110914/client/qs_click_protection_fy2019.js, line 11: NS_ERROR_NOT_INITIALIZED: 
JavaScript error: https://tpc.googlesyndication.com/pagead/js/r20200519/r20110914/client/qs_click_protection_fy2019.js, line 11: NS_ERROR_NOT_INITIALIZED: 
JavaScript error: https://tpc.googlesyndication.com/pagead/js/r20200519/r20110914/client/qs_click_protection_fy2019.js, line 11: NS_ERROR_NOT_INITIALIZED: 
JavaScript error: https://tpc.googlesyndication.com/pagead/js/r20200519/r20110914/client/qs_click_protection_fy2019.js, line 11: NS_ERROR_NOT_INITIALIZED: 
JavaScript error: https://tpc.googlesyndication.com/pagead/js/r20200519/r20110914/client/qs_click_protection_fy2019.js, line 11: NS_ERROR_NOT_INITIALIZED: 
JavaScript error: https://tpc.googlesyndication.com/pagead/js/r20200519/r20110914/client/qs_click_protection_fy2019.js, line 11: NS_ERROR_NOT_INITIALIZED: 
JavaScript error: https://googleads.g.doubleclick.net/pagead/ads?client=ca-pub-9563517260684016&output=html&h=280&slotname=6683911284&adk=4037934969&adf=4053290162&w=380&fwrn=4&fwrnh=100&lmt=1562459422&rafmt=1&psa=1&guci=1.2.0.0.2.2.0.0&format=380x280&url=http%3A%2F%2Fwww.trumpormrburns.com%2Fquote%2Fno-one-will-be-spared&flash=0&fwr=0&rpe=1&resp_fmts=3&wgl=1&adsid=NT&dt=1590012787233&bpp=14&bdt=224&idt=106&shv=r20200519&cbv=r20190131&ptt=9&saldr=aa&abxe=1&correlator=423907531664&frm=20&pv=2&ga_vid=1579549275.1590012755&ga_sid=1590012787&ga_hid=1806996778&ga_fc=0&icsg=2151672496&dssz=23&mdo=0&mso=0&u_tz=60&u_his=12&u_java=0&u_h=1080&u_w=1920&u_ah=1040&u_aw=1920&u_cd=24&u_nplug=0&u_nmime=0&adx=834&ady=241&biw=1267&bih=895&scr_x=0&scr_y=0&eid=21066085&oid=3&pvsid=3565395429651124&pem=834&ref=http%3A%2F%2Fwww.trumpormrburns.com%2Fquote%2Fslaving-away-at-my-mansion&rx=0&eae=0&fc=896&brdim=4%2C4%2C4%2C4%2C1920%2C0%2C1296%2C975%2C1284%2C895&vis=1&rsz=%7C%7CleE%7C&abl=CS&pfx=0&fu=8336&bc=21&ifi=1&uci=a!1&xpc=OwosmxEJsz&p=http%3A//www.trumpormrburns.com&dtd=118, line 1: ReferenceError: osdlfm is not defined
JavaScript error: https://tpc.googlesyndication.com/pagead/js/r20200519/r20110914/client/qs_click_protection_fy2019.js, line 11: NS_ERROR_NOT_INITIALIZED: 
JavaScript error: https://tpc.googlesyndication.com/pagead/js/r20200519/r20110914/client/qs_click_protection_fy2019.js, line 11: NS_ERROR_NOT_INITIALIZED: 
JavaScript error: https://tpc.googlesyndication.com/pagead/js/r20200519/r20110914/client/qs_click_protection_fy2019.js, line 11: NS_ERROR_NOT_INITIALIZED: 
JavaScript error: https://tpc.googlesyndication.com/pagead/js/r20200519/r20110914/client/qs_click_protection_fy2019.js, line 11: NS_ERROR_NOT_INITIALIZED: 
JavaScript error: https://tpc.googlesyndication.com/pagead/js/r20200519/r20110914/client/qs_click_protection_fy2019.js, line 11: NS_ERROR_NOT_INITIALIZED: 
JavaScript error: https://tpc.googlesyndication.com/pagead/js/r20200519/r20110914/client/qs_click_protection_fy2019.js, line 11: NS_ERROR_NOT_INITIALIZED: 
JavaScript error: https://tpc.googlesyndication.com/pagead/js/r20200519/r20110914/client/qs_click_protection_fy2019.js, line 11: NS_ERROR_NOT_INITIALIZED: 
JavaScript error: https://tpc.googlesyndication.com/pagead/js/r20200519/r20110914/client/qs_click_protection_fy2019.js, line 11: NS_ERROR_NOT_INITIALIZED: 
1590012844432	Marionette	INFO	Stopped listening on port 62602

###!!! [Child][RunMessage] Error: Channel closing: too late to send/recv, messages will be lost


###!!! [Child][MessageChannel::SendAndWait] Error: Channel error: cannot send/recv

1590012919617	mozrunner::runner	INFO	Running command: "C:\\Program Files\\Mozilla Firefox\\firefox.exe" "-marionette" "-foreground" "-no-remote" "-profile" "C:\\Users\\boyno\\AppData\\Local\\Temp\\rust_mozprofilehgzQCC"
1590012920019	addons.webextension.doh-rollout@mozilla.org	WARN	Loading extension 'doh-rollout@mozilla.org': Reading manifest: Invalid extension permission: networkStatus
1590012920485	addons.webextension.screenshots@mozilla.org	WARN	Loading extension 'screenshots@mozilla.org': Reading manifest: Invalid extension permission: mozillaAddons
1590012920485	addons.webextension.screenshots@mozilla.org	WARN	Loading extension 'screenshots@mozilla.org': Reading manifest: Invalid extension permission: telemetry
1590012920485	addons.webextension.screenshots@mozilla.org	WARN	Loading extension 'screenshots@mozilla.org': Reading manifest: Invalid extension permission: resource://pdf.js/
1590012920485	addons.webextension.screenshots@mozilla.org	WARN	Loading extension 'screenshots@mozilla.org': Reading manifest: Invalid extension permission: about:reader*
JavaScript error: resource://gre/modules/XULStore.jsm, line 66: Error: Can't find profile directory.
1590012922628	Marionette	INFO	Listening on port 62797
1590012922736	Marionette	WARN	TLS certificate errors will be ignored for this session
JavaScript error: , line 0: AbortError: The operation was aborted. 
JavaScript error: https://tpc.googlesyndication.com/pagead/js/r20200519/r20110914/client/qs_click_protection_fy2019.js, line 11: NS_ERROR_NOT_INITIALIZED: 
JavaScript error: https://tpc.googlesyndication.com/pagead/js/r20200519/r20110914/client/qs_click_protection_fy2019.js, line 11: NS_ERROR_NOT_INITIALIZED: 
JavaScript error: https://tpc.googlesyndication.com/pagead/js/r20200519/r20110914/client/qs_click_protection_fy2019.js, line 11: NS_ERROR_NOT_INITIALIZED: 
JavaScript error: https://tpc.googlesyndication.com/pagead/js/r20200519/r20110914/client/qs_click_protection_fy2019.js, line 11: NS_ERROR_NOT_INITIALIZED: 
JavaScript error: https://tpc.googlesyndication.com/pagead/js/r20200519/r20110914/client/qs_click_protection_fy2019.js, line 11: NS_ERROR_NOT_INITIALIZED: 
JavaScript error: https://tpc.googlesyndication.com/pagead/js/r20200519/r20110914/client/qs_click_protection_fy2019.js, line 11: NS_ERROR_NOT_INITIALIZED: 
JavaScript error: https://tpc.googlesyndication.com/pagead/js/r20200519/r20110914/client/qs_click_protection_fy2019.js, line 11: NS_ERROR_NOT_INITIALIZED: 
JavaScript error: https://tpc.googlesyndication.com/pagead/js/r20200519/r20110914/client/qs_click_protection_fy2019.js, line 11: NS_ERROR_NOT_INITIALIZED: 
JavaScript error: https://tpc.googlesyndication.com/pagead/js/r20200519/r20110914/client/qs_click_protection_fy2019.js, line 11: NS_ERROR_NOT_INITIALIZED: 
JavaScript error: https://tpc.googlesyndication.com/pagead/js/r20200519/r20110914/client/qs_click_protection_fy2019.js, line 11: NS_ERROR_NOT_INITIALIZED: 
JavaScript error: https://tpc.googlesyndication.com/pagead/js/r20200519/r20110914/client/qs_click_protection_fy2019.js, line 11: NS_ERROR_NOT_INITIALIZED: 
JavaScript error: https://tpc.googlesyndication.com/pagead/js/r20200519/r20110914/client/qs_click_protection_fy2019.js, line 11: NS_ERROR_NOT_INITIALIZED: 
JavaScript error: https://tpc.googlesyndication.com/pagead/js/r20200519/r20110914/client/qs_click_protection_fy2019.js, line 11: NS_ERROR_NOT_INITIALIZED: 
JavaScript error: https://tpc.googlesyndication.com/pagead/js/r20200519/r20110914/client/qs_click_protection_fy2019.js, line 11: NS_ERROR_NOT_INITIALIZED: 
JavaScript error: https://tpc.googlesyndication.com/pagead/js/r20200519/r20110914/client/qs_click_protection_fy2019.js, line 11: NS_ERROR_NOT_INITIALIZED: 
JavaScript error: https://tpc.googlesyndication.com/pagead/js/r20200519/r20110914/client/qs_click_protection_fy2019.js, line 11: NS_ERROR_NOT_INITIALIZED: 
JavaScript error: https://tpc.googlesyndication.com/pagead/js/r20200519/r20110914/client/qs_click_protection_fy2019.js, line 11: NS_ERROR_NOT_INITIALIZED: 
JavaScript error: https://tpc.googlesyndication.com/pagead/js/r20200519/r20110914/client/qs_click_protection_fy2019.js, line 11: NS_ERROR_NOT_INITIALIZED: 
JavaScript error: https://tpc.googlesyndication.com/pagead/js/r20200519/r20110914/client/qs_click_protection_fy2019.js, line 11: NS_ERROR_NOT_INITIALIZED: 
JavaScript error: https://tpc.googlesyndication.com/pagead/js/r20200519/r20110914/client/qs_click_protection_fy2019.js, line 11: NS_ERROR_NOT_INITIALIZED: 
1590013008704	Marionette	INFO	Stopped listening on port 62797

###!!! [Child][RunMessage] Error: Channel closing: too late to send/recv, messages will be lost


###!!! [Child][MessageChannel::SendAndWait] Error: Channel error: cannot send/recv

